0 info it worked if it ends with ok
1 verbose cli [ '/usr/local/bin/node',
1 verbose cli   '/usr/local/bin/npm',
1 verbose cli   'install',
1 verbose cli   'gojs',
1 verbose cli   '--save' ]
2 info using npm@4.0.5
3 info using node@v7.4.0
4 silly loadCurrentTree Starting
5 silly install loadCurrentTree
6 silly install readLocalPackageData
7 silly fetchPackageMetaData gojs
8 silly fetchNamedPackageData gojs
9 silly mapToRegistry name gojs
10 silly mapToRegistry using default registry
11 silly mapToRegistry registry https://registry.npmjs.org/
12 silly mapToRegistry data Result {
12 silly mapToRegistry   raw: 'gojs',
12 silly mapToRegistry   scope: null,
12 silly mapToRegistry   escapedName: 'gojs',
12 silly mapToRegistry   name: 'gojs',
12 silly mapToRegistry   rawSpec: '',
12 silly mapToRegistry   spec: 'latest',
12 silly mapToRegistry   type: 'tag' }
13 silly mapToRegistry uri https://registry.npmjs.org/gojs
14 verbose request uri https://registry.npmjs.org/gojs
15 verbose request no auth needed
16 info attempt registry request try #1 at 3:12:19 PM
17 verbose request id ab5732f2d6a3ff68
18 verbose etag W/"58a71aa9-19ab7"
19 verbose lastModified Fri, 17 Feb 2017 15:45:45 GMT
20 http request GET https://registry.npmjs.org/gojs
21 http 304 https://registry.npmjs.org/gojs
22 verbose headers { date: 'Tue, 21 Feb 2017 09:42:19 GMT',
22 verbose headers   via: '1.1 varnish',
22 verbose headers   'cache-control': 'max-age=300',
22 verbose headers   etag: 'W/"58a71aa9-19ab7"',
22 verbose headers   age: '52',
22 verbose headers   connection: 'keep-alive',
22 verbose headers   'x-served-by': 'cache-sin6923-SIN',
22 verbose headers   'x-cache': 'HIT',
22 verbose headers   'x-cache-hits': '1',
22 verbose headers   'x-timer': 'S1487670139.751769,VS0,VE0',
22 verbose headers   vary: 'Accept-Encoding' }
23 silly get cb [ 304,
23 silly get   { date: 'Tue, 21 Feb 2017 09:42:19 GMT',
23 silly get     via: '1.1 varnish',
23 silly get     'cache-control': 'max-age=300',
23 silly get     etag: 'W/"58a71aa9-19ab7"',
23 silly get     age: '52',
23 silly get     connection: 'keep-alive',
23 silly get     'x-served-by': 'cache-sin6923-SIN',
23 silly get     'x-cache': 'HIT',
23 silly get     'x-cache-hits': '1',
23 silly get     'x-timer': 'S1487670139.751769,VS0,VE0',
23 silly get     vary: 'Accept-Encoding' } ]
24 verbose etag https://registry.npmjs.org/gojs from cache
25 verbose get saving gojs to /home/anoop/.npm/registry.npmjs.org/gojs/.cache.json
26 verbose correctMkdir /home/anoop/.npm correctMkdir not in flight; initializing
27 silly install normalizeTree
28 silly loadCurrentTree Finishing
29 silly loadIdealTree Starting
30 silly install loadIdealTree
31 silly cloneCurrentTree Starting
32 silly install cloneCurrentTreeToIdealTree
33 silly cloneCurrentTree Finishing
34 silly loadShrinkwrap Starting
35 silly install loadShrinkwrap
36 silly loadShrinkwrap Finishing
37 silly loadAllDepsIntoIdealTree Starting
38 silly install loadAllDepsIntoIdealTree
39 silly rollbackFailedOptional Starting
40 silly rollbackFailedOptional Finishing
41 silly runTopLevelLifecycles Finishing
42 silly install printInstalled
43 verbose stack Error: Refusing to install package with name "gojs" under a package
43 verbose stack also called "gojs". Did you name your project the same
43 verbose stack as the dependency you're installing?
43 verbose stack
43 verbose stack For more information, see:
43 verbose stack     <https://docs.npmjs.com/cli/install#limitations-of-npms-install-algorithm>
43 verbose stack     at checkSelf (/usr/local/lib/node_modules/npm/lib/install/validate-args.js:53:14)
43 verbose stack     at Array.<anonymous> (/usr/local/lib/node_modules/npm/node_modules/slide/lib/bind-actor.js:15:8)
43 verbose stack     at LOOP (/usr/local/lib/node_modules/npm/node_modules/slide/lib/chain.js:15:14)
43 verbose stack     at chain (/usr/local/lib/node_modules/npm/node_modules/slide/lib/chain.js:20:5)
43 verbose stack     at /usr/local/lib/node_modules/npm/lib/install/validate-args.js:16:5
43 verbose stack     at /usr/local/lib/node_modules/npm/node_modules/slide/lib/async-map.js:52:35
43 verbose stack     at Array.forEach (native)
43 verbose stack     at /usr/local/lib/node_modules/npm/node_modules/slide/lib/async-map.js:52:11
43 verbose stack     at Array.forEach (native)
43 verbose stack     at asyncMap (/usr/local/lib/node_modules/npm/node_modules/slide/lib/async-map.js:51:8)
44 verbose cwd /home/anoop/developments/assignments/gojs
45 error Linux 4.4.0-62-generic
46 error argv "/usr/local/bin/node" "/usr/local/bin/npm" "install" "gojs" "--save"
47 error node v7.4.0
48 error npm  v4.0.5
49 error code ENOSELF
50 error Refusing to install package with name "gojs" under a package
50 error also called "gojs". Did you name your project the same
50 error as the dependency you're installing?
50 error
50 error For more information, see:
50 error     <https://docs.npmjs.com/cli/install#limitations-of-npms-install-algorithm>
51 error If you need help, you may report this error at:
51 error     <https://github.com/npm/npm/issues>
52 verbose exit [ 1, true ]
